<component name="libraryTable">
  <library name="junit">
    <CLASSES>
      <root url="jar://D:/专业课/java/JavaEE+物联云计算就业班视频_2/day1127-spring练习（指导老师赵栋)/day1127-spring练习（指导老师赵栋)/s2sh0909/WebRoot/WEB-INF/lib/junit/junit.jar!/" />
    </CLASSES>
    <JAVADOC />
    <SOURCES />
  </library>
</component>